Running main() from /home/stirunel/Downloads/cppnd/CppND-Route-Planning-Project/thirdparty/googletest/googletest/src/gtest_main.cc
[==========] Running 4 tests from 1 test case.
[----------] Global test environment set-up.
[----------] 4 tests from RoutePlannerTest
[ RUN      ] RoutePlannerTest.TestCalculateHValue
[       OK ] RoutePlannerTest.TestCalculateHValue (85 ms)
[ RUN      ] RoutePlannerTest.TestAddNeighbors
[       OK ] RoutePlannerTest.TestAddNeighbors (60 ms)
[ RUN      ] RoutePlannerTest.TestConstructFinalPath
/home/stirunel/Downloads/cppnd/CppND-Route-Planning-Project/test/utest_rp_a_star_search.cpp:103: Failure
Expected equality of these values:
  start_node->x
    Which is: 0.11820368
  path.front().x
    Which is: 0.89666885
/home/stirunel/Downloads/cppnd/CppND-Route-Planning-Project/test/utest_rp_a_star_search.cpp:104: Failure
Expected equality of these values:
  start_node->y
    Which is: 0.10591994
  path.front().y
    Which is: 0.92910612
/home/stirunel/Downloads/cppnd/CppND-Route-Planning-Project/test/utest_rp_a_star_search.cpp:105: Failure
Expected equality of these values:
  end_node->x
    Which is: 0.89666885
  path.back().x
    Which is: 0.11820368
/home/stirunel/Downloads/cppnd/CppND-Route-Planning-Project/test/utest_rp_a_star_search.cpp:106: Failure
Expected equality of these values:
  end_node->y
    Which is: 0.92910612
  path.back().y
    Which is: 0.10591994
[  FAILED  ] RoutePlannerTest.TestConstructFinalPath (57 ms)
[ RUN      ] RoutePlannerTest.TestAStarSearch
/home/stirunel/Downloads/cppnd/CppND-Route-Planning-Project/test/utest_rp_a_star_search.cpp:117: Failure
Expected equality of these values:
  start_node->x
    Which is: 0.11820368
  path_start.x
    Which is: 0.89666885
/home/stirunel/Downloads/cppnd/CppND-Route-Planning-Project/test/utest_rp_a_star_search.cpp:118: Failure
Expected equality of these values:
  start_node->y
    Which is: 0.10591994
  path_start.y
    Which is: 0.92910612
/home/stirunel/Downloads/cppnd/CppND-Route-Planning-Project/test/utest_rp_a_star_search.cpp:119: Failure
Expected equality of these values:
  end_node->x
    Which is: 0.89666885
  path_end.x
    Which is: 0.11820368
/home/stirunel/Downloads/cppnd/CppND-Route-Planning-Project/test/utest_rp_a_star_search.cpp:120: Failure
Expected equality of these values:
  end_node->y
    Which is: 0.92910612
  path_end.y
    Which is: 0.10591994
[  FAILED  ] RoutePlannerTest.TestAStarSearch (61 ms)
[----------] 4 tests from RoutePlannerTest (263 ms total)

[----------] Global test environment tear-down
[==========] 4 tests from 1 test case ran. (263 ms total)
[  PASSED  ] 2 tests.
[  FAILED  ] 2 tests, listed below:
[  FAILED  ] RoutePlannerTest.TestConstructFinalPath
[  FAILED  ] RoutePlannerTest.TestAStarSearch

 2 FAILED TESTS
